Wed Jan 28 2026 02:45:38 GMT+0700 (Indochina Time): GET /
Wed Jan 28 2026 02:45:43 GMT+0700 (Indochina Time): GET /
Wed Jan 28 2026 02:45:44 GMT+0700 (Indochina Time): GET /inventory
Wed Jan 28 2026 02:45:48 GMT+0700 (Indochina Time): GET /inventory/add
Wed Jan 28 2026 02:46:00 GMT+0700 (Indochina Time): GET /inventory/add
Wed Jan 28 2026 02:46:01 GMT+0700 (Indochina Time): GET /inventory/add
Wed Jan 28 2026 02:46:02 GMT+0700 (Indochina Time): GET /inventory
Wed Jan 28 2026 02:46:03 GMT+0700 (Indochina Time): GET /inventory/add
Wed Jan 28 2026 02:46:04 GMT+0700 (Indochina Time): GET /inventory
Wed Jan 28 2026 02:46:07 GMT+0700 (Indochina Time): GET /about
Wed Jan 28 2026 02:46:14 GMT+0700 (Indochina Time): GET /about
Wed Jan 28 2026 02:46:18 GMT+0700 (Indochina Time): GET /about
Wed Jan 28 2026 02:50:56 GMT+0700 (Indochina Time): GET /
Wed Jan 28 2026 02:50:56 GMT+0700 (Indochina Time): GET /
Wed Jan 28 2026 02:50:58 GMT+0700 (Indochina Time): GET /about
Wed Jan 28 2026 02:51:02 GMT+0700 (Indochina Time): GET /inventory/add
Wed Jan 28 2026 02:51:03 GMT+0700 (Indochina Time): GET /inventory
Wed Jan 28 2026 02:51:04 GMT+0700 (Indochina Time): GET /
Wed Jan 28 2026 02:54:47 GMT+0700 (Indochina Time): GET /
Wed Jan 28 2026 02:55:04 GMT+0700 (Indochina Time): GET /
Wed Jan 28 2026 02:55:06 GMT+0700 (Indochina Time): GET /about
Wed Jan 28 2026 02:55:07 GMT+0700 (Indochina Time): GET /inventory/add
Wed Jan 28 2026 02:55:10 GMT+0700 (Indochina Time): GET /inventory
Wed Jan 28 2026 02:55:16 GMT+0700 (Indochina Time): GET /
Wed Jan 28 2026 02:55:17 GMT+0700 (Indochina Time): GET /inventory
Wed Jan 28 2026 02:55:18 GMT+0700 (Indochina Time): GET /
Wed Jan 28 2026 02:55:18 GMT+0700 (Indochina Time): GET /inventory
Wed Jan 28 2026 02:55:19 GMT+0700 (Indochina Time): GET /
Wed Jan 28 2026 02:55:20 GMT+0700 (Indochina Time): GET /inventory
Wed Jan 28 2026 02:55:22 GMT+0700 (Indochina Time): GET /inventory/add
Wed Jan 28 2026 02:55:23 GMT+0700 (Indochina Time): GET /about
Thu Jan 29 2026 08:17:23 GMT-0800 (Pacific Standard Time): GET /
Thu Jan 29 2026 08:17:29 GMT-0800 (Pacific Standard Time): GET /inventory
Thu Jan 29 2026 08:17:33 GMT-0800 (Pacific Standard Time): GET /
Thu Jan 29 2026 08:17:34 GMT-0800 (Pacific Standard Time): GET /inventory
Thu Jan 29 2026 08:17:35 GMT-0800 (Pacific Standard Time): GET /inventory/add
Thu Jan 29 2026 08:17:36 GMT-0800 (Pacific Standard Time): GET /about
Thu Jan 29 2026 08:17:37 GMT-0800 (Pacific Standard Time): GET /inventory/add
Thu Jan 29 2026 08:17:38 GMT-0800 (Pacific Standard Time): GET /inventory
Thu Jan 29 2026 08:17:38 GMT-0800 (Pacific Standard Time): GET /
Thu Jan 29 2026 08:17:39 GMT-0800 (Pacific Standard Time): GET /inventory
Thu Jan 29 2026 08:17:43 GMT-0800 (Pacific Standard Time): GET /inventory/edit/1
Thu Jan 29 2026 08:17:46 GMT-0800 (Pacific Standard Time): POST /inventory/edit/1
Thu Jan 29 2026 08:17:46 GMT-0800 (Pacific Standard Time): GET /inventory
Thu Jan 29 2026 08:17:49 GMT-0800 (Pacific Standard Time): GET /inventory/add
Thu Jan 29 2026 08:18:00 GMT-0800 (Pacific Standard Time): POST /inventory/add
Thu Jan 29 2026 08:18:00 GMT-0800 (Pacific Standard Time): GET /inventory
Thu Jan 29 2026 08:18:04 GMT-0800 (Pacific Standard Time): GET /inventory/add
Thu Jan 29 2026 08:18:05 GMT-0800 (Pacific Standard Time): GET /inventory
Thu Jan 29 2026 08:18:06 GMT-0800 (Pacific Standard Time): GET /
Thu Jan 29 2026 08:18:09 GMT-0800 (Pacific Standard Time): GET /about
Thu Jan 29 2026 08:18:10 GMT-0800 (Pacific Standard Time): GET /about
Thu Jan 29 2026 08:18:11 GMT-0800 (Pacific Standard Time): GET /inventory/add
Thu Jan 29 2026 08:18:12 GMT-0800 (Pacific Standard Time): GET /inventory
Thu Jan 29 2026 08:18:12 GMT-0800 (Pacific Standard Time): GET /
Thu Jan 29 2026 08:18:18 GMT-0800 (Pacific Standard Time): GET /
Thu Jan 29 2026 08:18:19 GMT-0800 (Pacific Standard Time): GET /inventory
Thu Jan 29 2026 08:18:20 GMT-0800 (Pacific Standard Time): GET /inventory/add
Thu Jan 29 2026 08:18:20 GMT-0800 (Pacific Standard Time): GET /about
Thu Jan 29 2026 08:18:21 GMT-0800 (Pacific Standard Time): GET /about
Thu Jan 29 2026 08:18:21 GMT-0800 (Pacific Standard Time): GET /favicon.ico
Thu Jan 29 2026 08:32:29 GMT-0800 (Pacific Standard Time): GET /
Thu Jan 29 2026 08:32:29 GMT-0800 (Pacific Standard Time): GET /css/style.css
Thu Jan 29 2026 08:32:29 GMT-0800 (Pacific Standard Time): GET /favicon.ico
Thu Jan 29 2026 08:32:48 GMT-0800 (Pacific Standard Time): GET /about
Thu Jan 29 2026 08:32:48 GMT-0800 (Pacific Standard Time): GET /css/style.css
Thu Jan 29 2026 08:32:56 GMT-0800 (Pacific Standard Time): GET /
Thu Jan 29 2026 08:32:56 GMT-0800 (Pacific Standard Time): GET /css/style.css
Thu Jan 29 2026 08:33:12 GMT-0800 (Pacific Standard Time): GET /
Thu Jan 29 2026 08:33:12 GMT-0800 (Pacific Standard Time): GET /css/style.css
Thu Jan 29 2026 08:33:12 GMT-0800 (Pacific Standard Time): GET /favicon.ico
Thu Jan 29 2026 08:33:20 GMT-0800 (Pacific Standard Time): GET /
Thu Jan 29 2026 08:33:20 GMT-0800 (Pacific Standard Time): GET /css/style.css
Thu Jan 29 2026 08:33:22 GMT-0800 (Pacific Standard Time): GET /about
Thu Jan 29 2026 08:33:23 GMT-0800 (Pacific Standard Time): GET /css/style.css
Thu Jan 29 2026 08:42:22 GMT-0800 (Pacific Standard Time): GET /
Thu Jan 29 2026 08:45:09 GMT-0800 (Pacific Standard Time): GET /
Thu Jan 29 2026 08:45:09 GMT-0800 (Pacific Standard Time): GET /css/style.css
Thu Jan 29 2026 08:45:09 GMT-0800 (Pacific Standard Time): GET /favicon.ico
Thu Jan 29 2026 08:45:11 GMT-0800 (Pacific Standard Time): GET /
Thu Jan 29 2026 08:45:11 GMT-0800 (Pacific Standard Time): GET /css/style.css
Thu Jan 29 2026 08:45:12 GMT-0800 (Pacific Standard Time): GET /
Thu Jan 29 2026 08:45:12 GMT-0800 (Pacific Standard Time): GET /css/style.css
Thu Jan 29 2026 08:45:12 GMT-0800 (Pacific Standard Time): GET /
Thu Jan 29 2026 08:45:12 GMT-0800 (Pacific Standard Time): GET /css/style.css
Thu Jan 29 2026 08:45:13 GMT-0800 (Pacific Standard Time): GET /
Thu Jan 29 2026 08:45:13 GMT-0800 (Pacific Standard Time): GET /css/style.css
Thu Jan 29 2026 08:45:14 GMT-0800 (Pacific Standard Time): GET /inventory
Thu Jan 29 2026 08:45:14 GMT-0800 (Pacific Standard Time): GET /css/style.css
Thu Jan 29 2026 08:45:16 GMT-0800 (Pacific Standard Time): GET /inventory
Thu Jan 29 2026 08:45:16 GMT-0800 (Pacific Standard Time): GET /css/style.css
Thu Jan 29 2026 08:45:16 GMT-0800 (Pacific Standard Time): GET /inventory
Thu Jan 29 2026 08:45:16 GMT-0800 (Pacific Standard Time): GET /css/style.css
Thu Jan 29 2026 08:45:16 GMT-0800 (Pacific Standard Time): GET /inventory
Thu Jan 29 2026 08:45:16 GMT-0800 (Pacific Standard Time): GET /css/style.css
Thu Jan 29 2026 08:45:17 GMT-0800 (Pacific Standard Time): GET /inventory
Thu Jan 29 2026 08:45:17 GMT-0800 (Pacific Standard Time): GET /css/style.css
Thu Jan 29 2026 08:45:17 GMT-0800 (Pacific Standard Time): GET /inventory
Thu Jan 29 2026 08:45:17 GMT-0800 (Pacific Standard Time): GET /css/style.css
Thu Jan 29 2026 08:45:21 GMT-0800 (Pacific Standard Time): GET /about
Thu Jan 29 2026 08:45:21 GMT-0800 (Pacific Standard Time): GET /css/style.css
Thu Jan 29 2026 08:45:28 GMT-0800 (Pacific Standard Time): GET /about
Thu Jan 29 2026 08:45:28 GMT-0800 (Pacific Standard Time): GET /css/style.css
Thu Jan 29 2026 08:45:30 GMT-0800 (Pacific Standard Time): GET /inventory/add
Thu Jan 29 2026 08:45:30 GMT-0800 (Pacific Standard Time): GET /css/style.css
Thu Jan 29 2026 08:45:31 GMT-0800 (Pacific Standard Time): GET /inventory
Thu Jan 29 2026 08:45:31 GMT-0800 (Pacific Standard Time): GET /css/style.css
Thu Jan 29 2026 08:45:32 GMT-0800 (Pacific Standard Time): GET /
Thu Jan 29 2026 08:45:32 GMT-0800 (Pacific Standard Time): GET /css/style.css
Thu Jan 29 2026 08:45:34 GMT-0800 (Pacific Standard Time): GET /
Thu Jan 29 2026 08:45:34 GMT-0800 (Pacific Standard Time): GET /css/style.css
Thu Jan 29 2026 08:45:35 GMT-0800 (Pacific Standard Time): GET /inventory
Thu Jan 29 2026 08:45:35 GMT-0800 (Pacific Standard Time): GET /css/style.css
Thu Jan 29 2026 08:45:35 GMT-0800 (Pacific Standard Time): GET /inventory/add
Thu Jan 29 2026 08:45:35 GMT-0800 (Pacific Standard Time): GET /css/style.css
Thu Jan 29 2026 08:45:36 GMT-0800 (Pacific Standard Time): GET /about
Thu Jan 29 2026 08:45:36 GMT-0800 (Pacific Standard Time): GET /css/style.css
Thu Jan 29 2026 08:45:37 GMT-0800 (Pacific Standard Time): GET /
Thu Jan 29 2026 08:45:37 GMT-0800 (Pacific Standard Time): GET /css/style.css
Thu Jan 29 2026 08:45:53 GMT-0800 (Pacific Standard Time): GET /inventory
Thu Jan 29 2026 08:45:53 GMT-0800 (Pacific Standard Time): GET /css/style.css
Thu Jan 29 2026 08:45:55 GMT-0800 (Pacific Standard Time): GET /inventory/add
Thu Jan 29 2026 08:45:55 GMT-0800 (Pacific Standard Time): GET /css/style.css
Thu Jan 29 2026 08:46:13 GMT-0800 (Pacific Standard Time): POST /inventory/add
Thu Jan 29 2026 08:46:13 GMT-0800 (Pacific Standard Time): GET /inventory
Thu Jan 29 2026 08:46:13 GMT-0800 (Pacific Standard Time): GET /css/style.css
Thu Jan 29 2026 08:46:17 GMT-0800 (Pacific Standard Time): GET /inventory/add
Thu Jan 29 2026 08:46:17 GMT-0800 (Pacific Standard Time): GET /css/style.css
Thu Jan 29 2026 08:46:18 GMT-0800 (Pacific Standard Time): GET /inventory
Thu Jan 29 2026 08:46:18 GMT-0800 (Pacific Standard Time): GET /css/style.css
Thu Jan 29 2026 08:46:19 GMT-0800 (Pacific Standard Time): GET /inventory/add
Thu Jan 29 2026 08:46:19 GMT-0800 (Pacific Standard Time): GET /css/style.css
Thu Jan 29 2026 08:46:21 GMT-0800 (Pacific Standard Time): GET /about
Thu Jan 29 2026 08:46:21 GMT-0800 (Pacific Standard Time): GET /css/style.css
Thu Jan 29 2026 08:46:33 GMT-0800 (Pacific Standard Time): GET /
Thu Jan 29 2026 08:46:33 GMT-0800 (Pacific Standard Time): GET /css/style.css
Thu Jan 29 2026 08:46:35 GMT-0800 (Pacific Standard Time): GET /inventory
Thu Jan 29 2026 08:46:35 GMT-0800 (Pacific Standard Time): GET /css/style.css
Thu Jan 29 2026 08:46:35 GMT-0800 (Pacific Standard Time): GET /inventory/add
Thu Jan 29 2026 08:46:35 GMT-0800 (Pacific Standard Time): GET /css/style.css
Thu Jan 29 2026 08:46:36 GMT-0800 (Pacific Standard Time): GET /about
Thu Jan 29 2026 08:46:36 GMT-0800 (Pacific Standard Time): GET /css/style.css
Thu Jan 29 2026 08:46:37 GMT-0800 (Pacific Standard Time): GET /
Thu Jan 29 2026 08:46:37 GMT-0800 (Pacific Standard Time): GET /css/style.css
Thu Jan 29 2026 08:57:04 GMT-0800 (Pacific Standard Time): GET /
Thu Jan 29 2026 08:57:04 GMT-0800 (Pacific Standard Time): GET /css/style.css
Thu Jan 29 2026 08:57:05 GMT-0800 (Pacific Standard Time): GET /favicon.ico
Thu Jan 29 2026 08:57:10 GMT-0800 (Pacific Standard Time): GET /
Thu Jan 29 2026 08:57:10 GMT-0800 (Pacific Standard Time): GET /css/style.css
Thu Jan 29 2026 08:57:12 GMT-0800 (Pacific Standard Time): GET /inventory
Thu Jan 29 2026 08:57:12 GMT-0800 (Pacific Standard Time): GET /css/style.css
Thu Jan 29 2026 08:57:13 GMT-0800 (Pacific Standard Time): GET /inventory/add
Thu Jan 29 2026 08:57:13 GMT-0800 (Pacific Standard Time): GET /css/style.css
Thu Jan 29 2026 08:57:14 GMT-0800 (Pacific Standard Time): GET /about
Thu Jan 29 2026 08:57:14 GMT-0800 (Pacific Standard Time): GET /css/style.css
Thu Jan 29 2026 08:57:15 GMT-0800 (Pacific Standard Time): GET /
Thu Jan 29 2026 08:57:15 GMT-0800 (Pacific Standard Time): GET /css/style.css
Thu Jan 29 2026 08:57:19 GMT-0800 (Pacific Standard Time): GET /about
Thu Jan 29 2026 08:57:19 GMT-0800 (Pacific Standard Time): GET /css/style.css
Thu Jan 29 2026 08:57:20 GMT-0800 (Pacific Standard Time): GET /
Thu Jan 29 2026 08:57:20 GMT-0800 (Pacific Standard Time): GET /css/style.css
Thu Jan 29 2026 08:57:22 GMT-0800 (Pacific Standard Time): GET /inventory
Thu Jan 29 2026 08:57:22 GMT-0800 (Pacific Standard Time): GET /css/style.css
Thu Jan 29 2026 08:57:23 GMT-0800 (Pacific Standard Time): GET /inventory/add
Thu Jan 29 2026 08:57:23 GMT-0800 (Pacific Standard Time): GET /css/style.css
Thu Jan 29 2026 08:57:24 GMT-0800 (Pacific Standard Time): GET /about
Thu Jan 29 2026 08:57:24 GMT-0800 (Pacific Standard Time): GET /css/style.css
Thu Jan 29 2026 08:57:25 GMT-0800 (Pacific Standard Time): GET /
Thu Jan 29 2026 08:57:25 GMT-0800 (Pacific Standard Time): GET /css/style.css
Thu Jan 29 2026 08:57:27 GMT-0800 (Pacific Standard Time): GET /inventory
Thu Jan 29 2026 08:57:27 GMT-0800 (Pacific Standard Time): GET /css/style.css
Thu Jan 29 2026 08:57:31 GMT-0800 (Pacific Standard Time): GET /inventory/add
Thu Jan 29 2026 08:57:31 GMT-0800 (Pacific Standard Time): GET /css/style.css
Thu Jan 29 2026 08:57:46 GMT-0800 (Pacific Standard Time): POST /inventory/add
Thu Jan 29 2026 08:57:46 GMT-0800 (Pacific Standard Time): GET /inventory?msg=added
Thu Jan 29 2026 08:57:46 GMT-0800 (Pacific Standard Time): GET /css/style.css
Thu Jan 29 2026 08:57:50 GMT-0800 (Pacific Standard Time): GET /inventory
Thu Jan 29 2026 08:57:50 GMT-0800 (Pacific Standard Time): GET /css/style.css
Thu Jan 29 2026 08:57:54 GMT-0800 (Pacific Standard Time): GET /inventory
Thu Jan 29 2026 08:57:54 GMT-0800 (Pacific Standard Time): GET /css/style.css
Thu Jan 29 2026 08:57:54 GMT-0800 (Pacific Standard Time): GET /inventory
Thu Jan 29 2026 08:57:54 GMT-0800 (Pacific Standard Time): GET /css/style.css
Thu Jan 29 2026 08:58:08 GMT-0800 (Pacific Standard Time): GET /inventory?q=chu%E1%BB%99t
Thu Jan 29 2026 08:58:08 GMT-0800 (Pacific Standard Time): GET /css/style.css
Thu Jan 29 2026 08:58:11 GMT-0800 (Pacific Standard Time): GET /inventory
Thu Jan 29 2026 08:58:11 GMT-0800 (Pacific Standard Time): GET /css/style.css
Thu Jan 29 2026 08:58:13 GMT-0800 (Pacific Standard Time): GET /inventory
Thu Jan 29 2026 08:58:13 GMT-0800 (Pacific Standard Time): GET /css/style.css
Thu Jan 29 2026 08:58:14 GMT-0800 (Pacific Standard Time): GET /
Thu Jan 29 2026 08:58:14 GMT-0800 (Pacific Standard Time): GET /css/style.css
Thu Jan 29 2026 08:58:22 GMT-0800 (Pacific Standard Time): GET /inventory
Thu Jan 29 2026 08:58:22 GMT-0800 (Pacific Standard Time): GET /css/style.css
Thu Jan 29 2026 08:58:29 GMT-0800 (Pacific Standard Time): GET /inventory/edit/4
Thu Jan 29 2026 08:58:29 GMT-0800 (Pacific Standard Time): GET /css/style.css
Thu Jan 29 2026 08:58:41 GMT-0800 (Pacific Standard Time): POST /inventory/edit/4
Thu Jan 29 2026 08:58:41 GMT-0800 (Pacific Standard Time): GET /inventory?msg=updated
Thu Jan 29 2026 08:58:41 GMT-0800 (Pacific Standard Time): GET /css/style.css
Thu Jan 29 2026 08:58:44 GMT-0800 (Pacific Standard Time): GET /inventory
Thu Jan 29 2026 08:58:44 GMT-0800 (Pacific Standard Time): GET /css/style.css
Thu Jan 29 2026 08:58:46 GMT-0800 (Pacific Standard Time): GET /inventory
Thu Jan 29 2026 08:58:46 GMT-0800 (Pacific Standard Time): GET /css/style.css
Thu Jan 29 2026 08:58:47 GMT-0800 (Pacific Standard Time): GET /
Thu Jan 29 2026 08:58:47 GMT-0800 (Pacific Standard Time): GET /css/style.css
Thu Jan 29 2026 08:58:50 GMT-0800 (Pacific Standard Time): GET /inventory
Thu Jan 29 2026 08:58:50 GMT-0800 (Pacific Standard Time): GET /css/style.css
Thu Jan 29 2026 08:58:53 GMT-0800 (Pacific Standard Time): GET /inventory/edit/4
Thu Jan 29 2026 08:58:53 GMT-0800 (Pacific Standard Time): GET /css/style.css
Thu Jan 29 2026 08:59:03 GMT-0800 (Pacific Standard Time): POST /inventory/edit/4
Thu Jan 29 2026 08:59:03 GMT-0800 (Pacific Standard Time): GET /inventory?msg=updated
Thu Jan 29 2026 08:59:03 GMT-0800 (Pacific Standard Time): GET /css/style.css
Thu Jan 29 2026 08:59:04 GMT-0800 (Pacific Standard Time): GET /
Thu Jan 29 2026 08:59:04 GMT-0800 (Pacific Standard Time): GET /css/style.css
Thu Jan 29 2026 08:59:08 GMT-0800 (Pacific Standard Time): GET /inventory
Thu Jan 29 2026 08:59:08 GMT-0800 (Pacific Standard Time): GET /css/style.css
Thu Jan 29 2026 08:59:13 GMT-0800 (Pacific Standard Time): GET /inventory/edit/4
Thu Jan 29 2026 08:59:13 GMT-0800 (Pacific Standard Time): GET /css/style.css
Thu Jan 29 2026 08:59:16 GMT-0800 (Pacific Standard Time): POST /inventory/edit/4
Thu Jan 29 2026 08:59:16 GMT-0800 (Pacific Standard Time): GET /inventory?msg=updated
Thu Jan 29 2026 08:59:16 GMT-0800 (Pacific Standard Time): GET /css/style.css
Thu Jan 29 2026 08:59:18 GMT-0800 (Pacific Standard Time): GET /
Thu Jan 29 2026 08:59:18 GMT-0800 (Pacific Standard Time): GET /css/style.css
Thu Jan 29 2026 08:59:20 GMT-0800 (Pacific Standard Time): GET /inventory
Thu Jan 29 2026 08:59:20 GMT-0800 (Pacific Standard Time): GET /css/style.css
Thu Jan 29 2026 08:59:22 GMT-0800 (Pacific Standard Time): GET /inventory/edit/4
Thu Jan 29 2026 08:59:22 GMT-0800 (Pacific Standard Time): GET /css/style.css
Thu Jan 29 2026 08:59:26 GMT-0800 (Pacific Standard Time): POST /inventory/edit/4
Thu Jan 29 2026 08:59:26 GMT-0800 (Pacific Standard Time): GET /inventory?msg=updated
Thu Jan 29 2026 08:59:26 GMT-0800 (Pacific Standard Time): GET /css/style.css
Thu Jan 29 2026 08:59:28 GMT-0800 (Pacific Standard Time): GET /
Thu Jan 29 2026 08:59:28 GMT-0800 (Pacific Standard Time): GET /css/style.css
Thu Jan 29 2026 08:59:30 GMT-0800 (Pacific Standard Time): GET /inventory
Thu Jan 29 2026 08:59:30 GMT-0800 (Pacific Standard Time): GET /css/style.css
Thu Jan 29 2026 08:59:31 GMT-0800 (Pacific Standard Time): GET /inventory/edit/4
Thu Jan 29 2026 08:59:31 GMT-0800 (Pacific Standard Time): GET /css/style.css
Thu Jan 29 2026 08:59:34 GMT-0800 (Pacific Standard Time): POST /inventory/edit/4
Thu Jan 29 2026 08:59:34 GMT-0800 (Pacific Standard Time): GET /inventory?msg=updated
Thu Jan 29 2026 08:59:34 GMT-0800 (Pacific Standard Time): GET /css/style.css
Thu Jan 29 2026 08:59:36 GMT-0800 (Pacific Standard Time): GET /
Thu Jan 29 2026 08:59:36 GMT-0800 (Pacific Standard Time): GET /css/style.css
Thu Jan 29 2026 08:59:38 GMT-0800 (Pacific Standard Time): GET /inventory
Thu Jan 29 2026 08:59:38 GMT-0800 (Pacific Standard Time): GET /css/style.css
Thu Jan 29 2026 08:59:40 GMT-0800 (Pacific Standard Time): GET /inventory/edit/4
Thu Jan 29 2026 08:59:40 GMT-0800 (Pacific Standard Time): GET /css/style.css
Thu Jan 29 2026 08:59:43 GMT-0800 (Pacific Standard Time): POST /inventory/edit/4
Thu Jan 29 2026 08:59:43 GMT-0800 (Pacific Standard Time): GET /inventory?msg=updated
Thu Jan 29 2026 08:59:43 GMT-0800 (Pacific Standard Time): GET /css/style.css
Thu Jan 29 2026 08:59:44 GMT-0800 (Pacific Standard Time): GET /
Thu Jan 29 2026 08:59:44 GMT-0800 (Pacific Standard Time): GET /css/style.css
Thu Jan 29 2026 08:59:47 GMT-0800 (Pacific Standard Time): GET /inventory
Thu Jan 29 2026 08:59:47 GMT-0800 (Pacific Standard Time): GET /css/style.css
Thu Jan 29 2026 08:59:50 GMT-0800 (Pacific Standard Time): GET /inventory/edit/4
Thu Jan 29 2026 08:59:50 GMT-0800 (Pacific Standard Time): GET /css/style.css
Thu Jan 29 2026 08:59:52 GMT-0800 (Pacific Standard Time): POST /inventory/edit/4
Thu Jan 29 2026 08:59:53 GMT-0800 (Pacific Standard Time): GET /inventory?msg=updated
Thu Jan 29 2026 08:59:53 GMT-0800 (Pacific Standard Time): GET /css/style.css
Thu Jan 29 2026 08:59:54 GMT-0800 (Pacific Standard Time): GET /inventory
Thu Jan 29 2026 08:59:54 GMT-0800 (Pacific Standard Time): GET /css/style.css
Thu Jan 29 2026 08:59:56 GMT-0800 (Pacific Standard Time): GET /
Thu Jan 29 2026 08:59:56 GMT-0800 (Pacific Standard Time): GET /css/style.css
Thu Jan 29 2026 08:59:58 GMT-0800 (Pacific Standard Time): GET /inventory
Thu Jan 29 2026 08:59:58 GMT-0800 (Pacific Standard Time): GET /css/style.css
Thu Jan 29 2026 09:00:00 GMT-0800 (Pacific Standard Time): GET /inventory/edit/4
Thu Jan 29 2026 09:00:00 GMT-0800 (Pacific Standard Time): GET /css/style.css
Thu Jan 29 2026 09:00:03 GMT-0800 (Pacific Standard Time): POST /inventory/edit/4
Thu Jan 29 2026 09:00:03 GMT-0800 (Pacific Standard Time): GET /inventory?msg=updated
Thu Jan 29 2026 09:00:03 GMT-0800 (Pacific Standard Time): GET /css/style.css
Thu Jan 29 2026 09:00:04 GMT-0800 (Pacific Standard Time): GET /
Thu Jan 29 2026 09:00:04 GMT-0800 (Pacific Standard Time): GET /css/style.css
Thu Jan 29 2026 09:00:07 GMT-0800 (Pacific Standard Time): GET /inventory
Thu Jan 29 2026 09:00:07 GMT-0800 (Pacific Standard Time): GET /css/style.css
Thu Jan 29 2026 09:00:08 GMT-0800 (Pacific Standard Time): GET /inventory/add
Thu Jan 29 2026 09:00:08 GMT-0800 (Pacific Standard Time): GET /css/style.css
Thu Jan 29 2026 09:00:09 GMT-0800 (Pacific Standard Time): GET /about
Thu Jan 29 2026 09:00:09 GMT-0800 (Pacific Standard Time): GET /css/style.css
Thu Jan 29 2026 09:00:11 GMT-0800 (Pacific Standard Time): GET /
Thu Jan 29 2026 09:00:11 GMT-0800 (Pacific Standard Time): GET /css/style.css
Thu Jan 29 2026 09:00:17 GMT-0800 (Pacific Standard Time): GET /inventory
Thu Jan 29 2026 09:00:17 GMT-0800 (Pacific Standard Time): GET /css/style.css
Thu Jan 29 2026 09:00:21 GMT-0800 (Pacific Standard Time): GET /
Thu Jan 29 2026 09:00:21 GMT-0800 (Pacific Standard Time): GET /css/style.css
Thu Jan 29 2026 09:00:23 GMT-0800 (Pacific Standard Time): GET /inventory
Thu Jan 29 2026 09:00:23 GMT-0800 (Pacific Standard Time): GET /css/style.css
Thu Jan 29 2026 09:00:28 GMT-0800 (Pacific Standard Time): GET /inventory/delete/1
Thu Jan 29 2026 09:00:28 GMT-0800 (Pacific Standard Time): GET /inventory?msg=deleted
Thu Jan 29 2026 09:00:29 GMT-0800 (Pacific Standard Time): GET /css/style.css
Thu Jan 29 2026 09:00:31 GMT-0800 (Pacific Standard Time): GET /inventory/delete/2
Thu Jan 29 2026 09:00:31 GMT-0800 (Pacific Standard Time): GET /inventory?msg=deleted
Thu Jan 29 2026 09:00:31 GMT-0800 (Pacific Standard Time): GET /css/style.css
Thu Jan 29 2026 09:00:33 GMT-0800 (Pacific Standard Time): GET /inventory/delete/3
Thu Jan 29 2026 09:00:33 GMT-0800 (Pacific Standard Time): GET /inventory?msg=deleted
Thu Jan 29 2026 09:00:33 GMT-0800 (Pacific Standard Time): GET /css/style.css
Thu Jan 29 2026 09:00:35 GMT-0800 (Pacific Standard Time): GET /inventory/edit/4
Thu Jan 29 2026 09:00:35 GMT-0800 (Pacific Standard Time): GET /css/style.css
Thu Jan 29 2026 09:00:39 GMT-0800 (Pacific Standard Time): POST /inventory/edit/4
Thu Jan 29 2026 09:00:39 GMT-0800 (Pacific Standard Time): GET /inventory?msg=updated
Thu Jan 29 2026 09:00:39 GMT-0800 (Pacific Standard Time): GET /css/style.css
Thu Jan 29 2026 09:00:41 GMT-0800 (Pacific Standard Time): GET /
Thu Jan 29 2026 09:00:41 GMT-0800 (Pacific Standard Time): GET /css/style.css
Thu Jan 29 2026 09:00:50 GMT-0800 (Pacific Standard Time): GET /inventory
Thu Jan 29 2026 09:00:50 GMT-0800 (Pacific Standard Time): GET /css/style.css
Thu Jan 29 2026 09:00:51 GMT-0800 (Pacific Standard Time): GET /inventory/add
Thu Jan 29 2026 09:00:51 GMT-0800 (Pacific Standard Time): GET /css/style.css
Thu Jan 29 2026 09:00:51 GMT-0800 (Pacific Standard Time): GET /about
Thu Jan 29 2026 09:00:51 GMT-0800 (Pacific Standard Time): GET /css/style.css
Thu Jan 29 2026 09:00:52 GMT-0800 (Pacific Standard Time): GET /
Thu Jan 29 2026 09:00:52 GMT-0800 (Pacific Standard Time): GET /css/style.css
Thu Jan 29 2026 09:05:18 GMT-0800 (Pacific Standard Time): GET /
Thu Jan 29 2026 09:05:18 GMT-0800 (Pacific Standard Time): GET /css/style.css
Thu Jan 29 2026 09:05:19 GMT-0800 (Pacific Standard Time): GET /
Thu Jan 29 2026 09:05:19 GMT-0800 (Pacific Standard Time): GET /css/style.css
Thu Jan 29 2026 09:05:20 GMT-0800 (Pacific Standard Time): GET /
Thu Jan 29 2026 09:05:20 GMT-0800 (Pacific Standard Time): GET /css/style.css
Thu Jan 29 2026 09:05:23 GMT-0800 (Pacific Standard Time): GET /
Thu Jan 29 2026 09:05:23 GMT-0800 (Pacific Standard Time): GET /css/style.css
Thu Jan 29 2026 09:05:24 GMT-0800 (Pacific Standard Time): GET /inventory
Thu Jan 29 2026 09:05:24 GMT-0800 (Pacific Standard Time): GET /css/style.css
Thu Jan 29 2026 09:05:27 GMT-0800 (Pacific Standard Time): GET /history
Thu Jan 29 2026 09:05:27 GMT-0800 (Pacific Standard Time): GET /css/style.css
Thu Jan 29 2026 09:05:29 GMT-0800 (Pacific Standard Time): GET /inventory/add
Thu Jan 29 2026 09:05:29 GMT-0800 (Pacific Standard Time): GET /css/style.css
Thu Jan 29 2026 09:05:30 GMT-0800 (Pacific Standard Time): GET /about
Thu Jan 29 2026 09:05:30 GMT-0800 (Pacific Standard Time): GET /css/style.css
Thu Jan 29 2026 09:05:33 GMT-0800 (Pacific Standard Time): GET /inventory/add
Thu Jan 29 2026 09:05:33 GMT-0800 (Pacific Standard Time): GET /css/style.css
Thu Jan 29 2026 09:05:34 GMT-0800 (Pacific Standard Time): GET /history
Thu Jan 29 2026 09:05:34 GMT-0800 (Pacific Standard Time): GET /css/style.css
Thu Jan 29 2026 09:05:35 GMT-0800 (Pacific Standard Time): GET /inventory/add
Thu Jan 29 2026 09:05:35 GMT-0800 (Pacific Standard Time): GET /css/style.css
Thu Jan 29 2026 09:05:39 GMT-0800 (Pacific Standard Time): GET /history
Thu Jan 29 2026 09:05:39 GMT-0800 (Pacific Standard Time): GET /css/style.css
Thu Jan 29 2026 09:05:41 GMT-0800 (Pacific Standard Time): GET /inventory
Thu Jan 29 2026 09:05:41 GMT-0800 (Pacific Standard Time): GET /css/style.css
Thu Jan 29 2026 09:05:43 GMT-0800 (Pacific Standard Time): GET /
Thu Jan 29 2026 09:05:43 GMT-0800 (Pacific Standard Time): GET /css/style.css
Thu Jan 29 2026 09:16:03 GMT-0800 (Pacific Standard Time): GET /inventory
Thu Jan 29 2026 09:16:03 GMT-0800 (Pacific Standard Time): GET /css/style.css
Thu Jan 29 2026 09:16:06 GMT-0800 (Pacific Standard Time): GET /inventory/export
